TN:
SF:src/modules/appointments/services/CreateAppointmentService.ts
FN:81,__decorate
FN:81,__metadata
FN:81,__param
FN:81,__awaiter
FN:81,adopt
FN:81,fulfilled
FN:81,rejected
FN:81,step
FN:81,__generator
FN:81,sent
FN:81,Symbol.function.g.(anonymous function)
FN:81,verb
FN:81,step
FN:81,__importDefault
FN:17,CreateAppointmentService
FN:28,CreateAppointmentService.execute
FNF:16
FNH:14
FNDA:1,__decorate
FNDA:1,__metadata
FNDA:3,__param
FNDA:7,__awaiter
FNDA:9,adopt
FNDA:9,fulfilled
FNDA:0,rejected
FNDA:11,step
FNDA:7,__generator
FNDA:9,sent
FNDA:0,Symbol.function.g.(anonymous function)
FNDA:21,verb
FNDA:16,step
FNDA:1,__importDefault
FNDA:5,CreateAppointmentService
FNDA:7,CreateAppointmentService.execute
DA:1,1
DA:2,1
DA:3,1
DA:4,1
DA:5,1
DA:6,1
DA:7,1
DA:8,1
DA:9,1
DA:10,1
DA:11,1
DA:12,1
DA:13,1
DA:14,1
DA:15,1
DA:16,1
DA:17,1
DA:18,5
DA:19,5
DA:20,5
DA:21,5
DA:22,5
DA:23,5
DA:24,5
DA:25,5
DA:26,5
DA:27,1
DA:28,1
DA:29,7
DA:30,7
DA:31,7
DA:32,7
DA:33,7
DA:34,7
DA:35,7
DA:36,2
DA:37,2
DA:38,5
DA:39,7
DA:40,1
DA:41,1
DA:42,4
DA:43,7
DA:44,1
DA:45,1
DA:46,1
DA:47,1
DA:48,3
DA:49,3
DA:50,3
DA:51,3
DA:52,7
DA:53,7
DA:54,1
DA:55,1
DA:56,2
DA:57,2
DA:58,2
DA:59,2
DA:60,2
DA:61,2
DA:62,7
DA:63,7
DA:64,7
DA:65,7
DA:66,7
DA:67,7
DA:68,7
DA:69,7
DA:70,7
DA:71,7
DA:72,7
DA:73,7
DA:74,7
DA:75,7
DA:76,7
DA:77,7
DA:78,7
DA:79,1
DA:80,1
DA:81,1
LF:81
LH:81
BRDA:81,0,0,1
BRDA:81,1,0,1
BRDA:81,2,0,0
BRDA:81,3,0,0
BRDA:81,4,0,0
BRDA:81,5,0,0
BRDA:81,6,0,1
BRDA:81,7,0,3
BRDA:81,8,0,3
BRDA:81,9,0,7
BRDA:81,10,0,9
BRDA:81,11,0,0
BRDA:81,12,0,7
BRDA:81,13,0,9
BRDA:81,14,0,8
BRDA:81,15,0,1
BRDA:81,16,0,11
BRDA:81,17,0,2
BRDA:81,18,0,9
BRDA:81,19,0,7
BRDA:81,20,0,9
BRDA:81,21,0,0
BRDA:81,22,0,21
BRDA:81,23,0,16
BRDA:81,24,0,16
BRDA:81,25,0,0
BRDA:81,26,0,32
BRDA:81,27,0,0
BRDA:81,28,0,0
BRDA:81,29,0,0
BRDA:81,30,0,0
BRDA:81,31,0,16
BRDA:81,32,0,16
BRDA:81,33,0,0
BRDA:81,34,0,9
BRDA:81,35,0,0
BRDA:81,36,0,7
BRDA:81,37,0,0
BRDA:81,38,0,2
BRDA:81,39,0,0
BRDA:81,40,0,0
BRDA:81,41,0,0
BRDA:81,42,0,0
BRDA:81,43,0,0
BRDA:81,44,0,16
BRDA:81,45,0,11
BRDA:81,46,0,5
BRDA:81,47,0,16
BRDA:81,48,0,7
BRDA:81,49,0,5
BRDA:81,50,0,2
BRDA:81,51,0,0
BRDA:81,52,0,1
BRDA:81,53,0,0
BRDA:16,54,0,1
BRDA:17,55,0,5
BRDA:28,56,0,7
BRDA:81,57,0,7
BRDA:81,58,0,16
BRDA:81,59,0,7
BRDA:35,60,0,2
BRDA:37,61,0,5
BRDA:39,62,0,1
BRDA:41,63,0,4
BRDA:43,64,0,3
BRDA:43,65,0,1
BRDA:47,66,0,3
BRDA:81,67,0,0
BRDA:81,68,0,3
BRDA:53,69,0,1
BRDA:55,70,0,2
BRDA:81,71,0,0
BRDA:81,72,0,2
BRDA:81,73,0,0
BRDA:81,74,0,2
BRDA:81,75,0,0
BRDA:81,76,0,2
BRDA:81,77,0,0
BRF:78
BRH:52
end_of_record
TN:
SF:src/modules/appointments/services/ListProviderAppointmentsService.ts
FN:52,__decorate
FN:52,__metadata
FN:52,__param
FN:52,__awaiter
FN:52,adopt
FN:52,fulfilled
FN:52,rejected
FN:52,step
FN:52,__generator
FN:52,sent
FN:52,Symbol.function.g.(anonymous function)
FN:52,verb
FN:52,step
FN:15,ListProviderAppointmentsService
FN:23,ListProviderAppointmentsService.execute
FNF:15
FNH:13
FNDA:1,__decorate
FNDA:1,__metadata
FNDA:2,__param
FNDA:1,__awaiter
FNDA:3,adopt
FNDA:3,fulfilled
FNDA:0,rejected
FNDA:4,step
FNDA:1,__generator
FNDA:3,sent
FNDA:0,Symbol.function.g.(anonymous function)
FNDA:3,verb
FNDA:4,step
FNDA:1,ListProviderAppointmentsService
FNDA:1,ListProviderAppointmentsService.execute
DA:1,1
DA:2,1
DA:3,1
DA:4,1
DA:5,1
DA:6,1
DA:7,1
DA:8,1
DA:9,1
DA:10,1
DA:11,1
DA:12,1
DA:13,1
DA:14,1
DA:15,1
DA:16,1
DA:17,1
DA:18,1
DA:19,1
DA:20,1
DA:21,1
DA:22,1
DA:23,1
DA:24,1
DA:25,1
DA:26,1
DA:27,1
DA:28,1
DA:29,1
DA:30,1
DA:31,1
DA:32,1
DA:33,1
DA:34,1
DA:35,1
DA:36,1
DA:37,1
DA:38,1
DA:39,1
DA:40,1
DA:41,1
DA:42,1
DA:43,1
DA:44,1
DA:45,1
DA:46,1
DA:47,1
DA:48,1
DA:49,1
DA:50,1
DA:51,1
DA:52,1
LF:52
LH:52
BRDA:52,0,0,1
BRDA:52,1,0,1
BRDA:52,2,0,0
BRDA:52,3,0,0
BRDA:52,4,0,0
BRDA:52,5,0,0
BRDA:52,6,0,1
BRDA:52,7,0,2
BRDA:52,8,0,2
BRDA:52,9,0,1
BRDA:52,10,0,3
BRDA:52,11,0,0
BRDA:52,12,0,1
BRDA:52,13,0,3
BRDA:52,14,0,0
BRDA:52,15,0,4
BRDA:52,16,0,1
BRDA:52,17,0,3
BRDA:52,18,0,1
BRDA:52,19,0,3
BRDA:52,20,0,0
BRDA:52,21,0,3
BRDA:52,22,0,4
BRDA:52,23,0,4
BRDA:52,24,0,0
BRDA:52,25,0,8
BRDA:52,26,0,0
BRDA:52,27,0,0
BRDA:52,28,0,0
BRDA:52,29,0,0
BRDA:52,30,0,4
BRDA:52,31,0,4
BRDA:52,32,0,0
BRDA:52,33,0,3
BRDA:52,34,0,0
BRDA:52,35,0,1
BRDA:52,36,0,0
BRDA:52,37,0,0
BRDA:52,38,0,0
BRDA:52,39,0,0
BRDA:52,40,0,0
BRDA:52,41,0,0
BRDA:52,42,0,4
BRDA:52,43,0,0
BRDA:52,44,0,4
BRDA:52,45,0,1
BRDA:52,46,0,0
BRDA:52,47,0,1
BRDA:52,48,0,0
BRDA:14,49,0,1
BRDA:15,50,0,1
BRDA:23,51,0,1
BRDA:52,52,0,1
BRDA:52,53,0,4
BRDA:52,54,0,1
BRDA:52,55,0,0
BRDA:52,56,0,1
BRDA:35,57,0,0
BRDA:52,58,0,0
BRDA:52,59,0,1
BRDA:52,60,0,0
BRDA:52,61,0,1
BRDA:48,62,0,1
BRDA:52,63,0,0
BRF:64
BRH:36
end_of_record
TN:
SF:src/modules/appointments/services/ListProviderDayAvailabilityService.ts
FN:64,__decorate
FN:64,__metadata
FN:64,__param
FN:64,__awaiter
FN:64,adopt
FN:64,fulfilled
FN:64,rejected
FN:64,step
FN:64,__generator
FN:64,sent
FN:64,Symbol.function.g.(anonymous function)
FN:64,verb
FN:64,step
FN:19,ListProviderDayAvailabilityService
FN:24,ListProviderDayAvailabilityService.execute
FNF:15
FNH:13
FNDA:1,__decorate
FNDA:1,__metadata
FNDA:1,__param
FNDA:1,__awaiter
FNDA:1,adopt
FNDA:1,fulfilled
FNDA:0,rejected
FNDA:2,step
FNDA:1,__generator
FNDA:1,sent
FNDA:0,Symbol.function.g.(anonymous function)
FNDA:3,verb
FNDA:2,step
FNDA:1,ListProviderDayAvailabilityService
FNDA:1,ListProviderDayAvailabilityService.execute
DA:1,1
DA:2,1
DA:3,1
DA:4,1
DA:5,1
DA:6,1
DA:7,1
DA:8,1
DA:9,1
DA:10,1
DA:11,1
DA:12,1
DA:13,1
DA:14,1
DA:15,1
DA:16,1
DA:17,1
DA:18,1
DA:19,1
DA:20,1
DA:21,1
DA:22,1
DA:23,1
DA:24,1
DA:25,1
DA:26,1
DA:27,1
DA:28,1
DA:29,1
DA:30,1
DA:31,1
DA:32,1
DA:33,1
DA:34,1
DA:35,1
DA:36,1
DA:37,1
DA:38,1
DA:39,1
DA:40,1
DA:41,1
DA:42,1
DA:43,1
DA:44,1
DA:45,1
DA:46,1
DA:47,1
DA:48,10
DA:49,10
DA:50,10
DA:51,10
DA:52,10
DA:53,10
DA:54,10
DA:55,10
DA:56,10
DA:57,10
DA:58,1
DA:59,1
DA:60,1
DA:61,1
DA:62,1
DA:63,1
DA:64,1
LF:64
LH:64
BRDA:64,0,0,1
BRDA:64,1,0,1
BRDA:64,2,0,0
BRDA:64,3,0,0
BRDA:64,4,0,0
BRDA:64,5,0,0
BRDA:64,6,0,1
BRDA:64,7,0,1
BRDA:64,8,0,1
BRDA:64,9,0,1
BRDA:64,10,0,1
BRDA:64,11,0,0
BRDA:64,12,0,1
BRDA:64,13,0,1
BRDA:64,14,0,0
BRDA:64,15,0,2
BRDA:64,16,0,1
BRDA:64,17,0,1
BRDA:64,18,0,1
BRDA:64,19,0,1
BRDA:64,20,0,0
BRDA:64,21,0,3
BRDA:64,22,0,2
BRDA:64,23,0,2
BRDA:64,24,0,0
BRDA:64,25,0,4
BRDA:64,26,0,0
BRDA:64,27,0,0
BRDA:64,28,0,0
BRDA:64,29,0,0
BRDA:64,30,0,2
BRDA:64,31,0,2
BRDA:64,32,0,0
BRDA:64,33,0,1
BRDA:64,34,0,0
BRDA:64,35,0,1
BRDA:64,36,0,0
BRDA:64,37,0,0
BRDA:64,38,0,0
BRDA:64,39,0,0
BRDA:64,40,0,0
BRDA:64,41,0,0
BRDA:64,42,0,2
BRDA:64,43,0,0
BRDA:64,44,0,2
BRDA:64,45,0,1
BRDA:64,46,0,0
BRDA:64,47,0,1
BRDA:64,48,0,0
BRDA:18,49,0,1
BRDA:19,50,0,1
BRDA:24,51,0,1
BRDA:64,52,0,1
BRDA:64,53,0,2
BRDA:30,54,0,1
BRDA:64,55,0,0
BRDA:64,56,0,1
BRDA:64,57,0,0
BRDA:42,58,0,10
BRDA:47,59,0,10
BRDA:56,60,0,8
BRDA:49,61,0,19
BRF:62
BRH:37
end_of_record
TN:
SF:src/modules/appointments/services/ListProviderMonthAvailabilityService.ts
FN:57,__decorate
FN:57,__metadata
FN:57,__param
FN:57,__awaiter
FN:57,adopt
FN:57,fulfilled
FN:57,rejected
FN:57,step
FN:57,__generator
FN:57,sent
FN:57,Symbol.function.g.(anonymous function)
FN:57,verb
FN:57,step
FN:18,ListProviderMonthAvailabilityService
FN:23,ListProviderMonthAvailabilityService.execute
FNF:15
FNH:13
FNDA:1,__decorate
FNDA:1,__metadata
FNDA:1,__param
FNDA:1,__awaiter
FNDA:1,adopt
FNDA:1,fulfilled
FNDA:0,rejected
FNDA:2,step
FNDA:1,__generator
FNDA:1,sent
FNDA:0,Symbol.function.g.(anonymous function)
FNDA:3,verb
FNDA:2,step
FNDA:1,ListProviderMonthAvailabilityService
FNDA:1,ListProviderMonthAvailabilityService.execute
DA:1,1
DA:2,1
DA:3,1
DA:4,1
DA:5,1
DA:6,1
DA:7,1
DA:8,1
DA:9,1
DA:10,1
DA:11,1
DA:12,1
DA:13,1
DA:14,1
DA:15,1
DA:16,1
DA:17,1
DA:18,1
DA:19,1
DA:20,1
DA:21,1
DA:22,1
DA:23,1
DA:24,1
DA:25,1
DA:26,1
DA:27,1
DA:28,1
DA:29,1
DA:30,1
DA:31,1
DA:32,1
DA:33,1
DA:34,1
DA:35,1
DA:36,1
DA:37,1
DA:38,1
DA:39,1
DA:40,1
DA:41,1
DA:42,1
DA:43,1
DA:44,31
DA:45,341
DA:46,31
DA:47,31
DA:48,31
DA:49,31
DA:50,31
DA:51,1
DA:52,1
DA:53,1
DA:54,1
DA:55,1
DA:56,1
DA:57,1
LF:57
LH:57
BRDA:57,0,0,1
BRDA:57,1,0,1
BRDA:57,2,0,0
BRDA:57,3,0,0
BRDA:57,4,0,0
BRDA:57,5,0,0
BRDA:57,6,0,1
BRDA:57,7,0,1
BRDA:57,8,0,1
BRDA:57,9,0,1
BRDA:57,10,0,1
BRDA:57,11,0,0
BRDA:57,12,0,1
BRDA:57,13,0,1
BRDA:57,14,0,0
BRDA:57,15,0,2
BRDA:57,16,0,1
BRDA:57,17,0,1
BRDA:57,18,0,1
BRDA:57,19,0,1
BRDA:57,20,0,0
BRDA:57,21,0,3
BRDA:57,22,0,2
BRDA:57,23,0,2
BRDA:57,24,0,0
BRDA:57,25,0,4
BRDA:57,26,0,0
BRDA:57,27,0,0
BRDA:57,28,0,0
BRDA:57,29,0,0
BRDA:57,30,0,2
BRDA:57,31,0,2
BRDA:57,32,0,0
BRDA:57,33,0,1
BRDA:57,34,0,0
BRDA:57,35,0,1
BRDA:57,36,0,0
BRDA:57,37,0,0
BRDA:57,38,0,0
BRDA:57,39,0,0
BRDA:57,40,0,0
BRDA:57,41,0,0
BRDA:57,42,0,2
BRDA:57,43,0,0
BRDA:57,44,0,2
BRDA:57,45,0,1
BRDA:57,46,0,0
BRDA:57,47,0,1
BRDA:57,48,0,0
BRDA:17,49,0,1
BRDA:18,50,0,1
BRDA:23,51,0,1
BRDA:57,52,0,1
BRDA:57,53,0,2
BRDA:28,54,0,1
BRDA:57,55,0,0
BRDA:57,56,0,1
BRDA:57,57,0,0
BRDA:40,58,0,31
BRDA:43,59,0,31
BRDA:44,60,0,341
BRF:61
BRH:36
end_of_record
TN:
SF:src/modules/appointments/services/ListProvidersService.ts
FN:37,__decorate
FN:37,__metadata
FN:37,__param
FN:37,__awaiter
FN:37,adopt
FN:37,fulfilled
FN:37,rejected
FN:37,step
FN:37,__generator
FN:37,sent
FN:37,Symbol.function.g.(anonymous function)
FN:37,verb
FN:37,step
FN:12,ListProvidersService
FN:20,ListProvidersService.execute
FNF:15
FNH:13
FNDA:1,__decorate
FNDA:1,__metadata
FNDA:2,__param
FNDA:1,__awaiter
FNDA:3,adopt
FNDA:3,fulfilled
FNDA:0,rejected
FNDA:4,step
FNDA:1,__generator
FNDA:3,sent
FNDA:0,Symbol.function.g.(anonymous function)
FNDA:3,verb
FNDA:4,step
FNDA:1,ListProvidersService
FNDA:1,ListProvidersService.execute
DA:1,1
DA:2,1
DA:3,1
DA:4,1
DA:5,1
DA:6,1
DA:7,1
DA:8,1
DA:9,1
DA:10,1
DA:11,1
DA:12,1
DA:13,1
DA:14,1
DA:15,1
DA:16,1
DA:17,1
DA:18,1
DA:19,1
DA:20,1
DA:21,1
DA:22,1
DA:23,1
DA:24,1
DA:25,1
DA:26,1
DA:27,1
DA:28,1
DA:29,1
DA:30,1
DA:31,1
DA:32,1
DA:33,1
DA:34,1
DA:35,1
DA:36,1
DA:37,1
LF:37
LH:37
BRDA:37,0,0,1
BRDA:37,1,0,1
BRDA:37,2,0,0
BRDA:37,3,0,0
BRDA:37,4,0,0
BRDA:37,5,0,0
BRDA:37,6,0,1
BRDA:37,7,0,2
BRDA:37,8,0,2
BRDA:37,9,0,1
BRDA:37,10,0,3
BRDA:37,11,0,0
BRDA:37,12,0,1
BRDA:37,13,0,3
BRDA:37,14,0,0
BRDA:37,15,0,4
BRDA:37,16,0,1
BRDA:37,17,0,3
BRDA:37,18,0,1
BRDA:37,19,0,3
BRDA:37,20,0,0
BRDA:37,21,0,3
BRDA:37,22,0,4
BRDA:37,23,0,4
BRDA:37,24,0,0
BRDA:37,25,0,8
BRDA:37,26,0,0
BRDA:37,27,0,0
BRDA:37,28,0,0
BRDA:37,29,0,0
BRDA:37,30,0,4
BRDA:37,31,0,4
BRDA:37,32,0,0
BRDA:37,33,0,3
BRDA:37,34,0,0
BRDA:37,35,0,1
BRDA:37,36,0,0
BRDA:37,37,0,0
BRDA:37,38,0,0
BRDA:37,39,0,0
BRDA:37,40,0,0
BRDA:37,41,0,0
BRDA:37,42,0,4
BRDA:37,43,0,0
BRDA:37,44,0,4
BRDA:37,45,0,1
BRDA:37,46,0,0
BRDA:37,47,0,1
BRDA:37,48,0,0
BRDA:11,49,0,1
BRDA:12,50,0,1
BRDA:20,51,0,1
BRDA:37,52,0,1
BRDA:37,53,0,4
BRDA:21,54,0,1
BRDA:37,55,0,0
BRDA:37,56,0,1
BRDA:25,57,0,0
BRDA:37,58,0,0
BRDA:37,59,0,1
BRDA:37,60,0,0
BRDA:37,61,0,1
BRDA:33,62,0,1
BRDA:37,63,0,0
BRF:64
BRH:36
end_of_record
TN:
SF:src/modules/users/services/AuthenticateUserService.ts
FN:53,__decorate
FN:53,__metadata
FN:53,__param
FN:53,__awaiter
FN:53,adopt
FN:53,fulfilled
FN:53,rejected
FN:53,step
FN:53,__generator
FN:53,sent
FN:53,Symbol.function.g.(anonymous function)
FN:53,verb
FN:53,step
FN:53,__importDefault
FN:22,AuthenticateUserService
FN:30,AuthenticateUserService.execute
FNF:16
FNH:14
FNDA:1,__decorate
FNDA:1,__metadata
FNDA:2,__param
FNDA:3,__awaiter
FNDA:5,adopt
FNDA:5,fulfilled
FNDA:0,rejected
FNDA:6,step
FNDA:3,__generator
FNDA:5,sent
FNDA:0,Symbol.function.g.(anonymous function)
FNDA:9,verb
FNDA:8,step
FNDA:2,__importDefault
FNDA:3,AuthenticateUserService
FNDA:3,AuthenticateUserService.execute
DA:1,1
DA:2,1
DA:3,1
DA:4,1
DA:5,1
DA:6,1
DA:7,1
DA:8,1
DA:9,1
DA:10,1
DA:11,1
DA:12,1
DA:13,1
DA:14,1
DA:15,1
DA:16,1
DA:17,1
DA:18,1
DA:19,1
DA:20,1
DA:21,1
DA:22,1
DA:23,3
DA:24,3
DA:25,3
DA:26,3
DA:27,3
DA:28,3
DA:29,1
DA:30,1
DA:31,3
DA:32,3
DA:33,3
DA:34,1
DA:35,1
DA:36,2
DA:37,2
DA:38,2
DA:39,2
DA:40,3
DA:41,3
DA:42,1
DA:43,1
DA:44,1
DA:45,1
DA:46,1
DA:47,1
DA:48,1
DA:49,1
DA:50,3
DA:51,1
DA:52,1
DA:53,1
LF:53
LH:53
BRDA:53,0,0,1
BRDA:53,1,0,1
BRDA:53,2,0,0
BRDA:53,3,0,0
BRDA:53,4,0,0
BRDA:53,5,0,0
BRDA:53,6,0,1
BRDA:53,7,0,2
BRDA:53,8,0,2
BRDA:53,9,0,3
BRDA:53,10,0,5
BRDA:53,11,0,0
BRDA:53,12,0,3
BRDA:53,13,0,5
BRDA:53,14,0,3
BRDA:53,15,0,2
BRDA:53,16,0,6
BRDA:53,17,0,1
BRDA:53,18,0,5
BRDA:53,19,0,3
BRDA:53,20,0,5
BRDA:53,21,0,0
BRDA:53,22,0,9
BRDA:53,23,0,8
BRDA:53,24,0,8
BRDA:53,25,0,0
BRDA:53,26,0,16
BRDA:53,27,0,0
BRDA:53,28,0,0
BRDA:53,29,0,0
BRDA:53,30,0,0
BRDA:53,31,0,8
BRDA:53,32,0,8
BRDA:53,33,0,0
BRDA:53,34,0,5
BRDA:53,35,0,0
BRDA:53,36,0,3
BRDA:53,37,0,0
BRDA:53,38,0,1
BRDA:53,39,0,0
BRDA:53,40,0,0
BRDA:53,41,0,0
BRDA:53,42,0,0
BRDA:53,43,0,0
BRDA:53,44,0,8
BRDA:53,45,0,6
BRDA:53,46,0,2
BRDA:53,47,0,8
BRDA:53,48,0,3
BRDA:53,49,0,2
BRDA:53,50,0,1
BRDA:53,51,0,0
BRDA:53,52,0,2
BRDA:53,53,0,0
BRDA:21,54,0,1
BRDA:22,55,0,3
BRDA:30,56,0,3
BRDA:53,57,0,3
BRDA:53,58,0,8
BRDA:31,59,0,3
BRDA:53,60,0,0
BRDA:53,61,0,3
BRDA:33,62,0,1
BRDA:35,63,0,2
BRDA:53,64,0,0
BRDA:53,65,0,2
BRDA:41,66,0,1
BRDA:53,67,0,0
BRF:68
BRH:44
end_of_record
TN:
SF:src/modules/users/services/CreateUserService.ts
FN:46,__decorate
FN:46,__metadata
FN:46,__param
FN:46,__awaiter
FN:46,adopt
FN:46,fulfilled
FN:46,rejected
FN:46,step
FN:46,__generator
FN:46,sent
FN:46,Symbol.function.g.(anonymous function)
FN:46,verb
FN:46,step
FN:46,__importDefault
FN:16,CreateUserService
FN:27,CreateUserService.execute
FNF:16
FNH:14
FNDA:1,__decorate
FNDA:1,__metadata
FNDA:3,__param
FNDA:3,__awaiter
FNDA:9,adopt
FNDA:9,fulfilled
FNDA:0,rejected
FNDA:11,step
FNDA:3,__generator
FNDA:9,sent
FNDA:0,Symbol.function.g.(anonymous function)
FNDA:9,verb
FNDA:12,step
FNDA:1,__importDefault
FNDA:2,CreateUserService
FNDA:3,CreateUserService.execute
DA:1,1
DA:2,1
DA:3,1
DA:4,1
DA:5,1
DA:6,1
DA:7,1
DA:8,1
DA:9,1
DA:10,1
DA:11,1
DA:12,1
DA:13,1
DA:14,1
DA:15,1
DA:16,1
DA:17,2
DA:18,2
DA:19,2
DA:20,2
DA:21,2
DA:22,2
DA:23,2
DA:24,2
DA:25,2
DA:26,1
DA:27,1
DA:28,3
DA:29,3
DA:30,3
DA:31,1
DA:32,1
DA:33,2
DA:34,3
DA:35,3
DA:36,3
DA:37,3
DA:38,3
DA:39,3
DA:40,3
DA:41,3
DA:42,3
DA:43,3
DA:44,1
DA:45,1
DA:46,1
LF:46
LH:46
BRDA:46,0,0,1
BRDA:46,1,0,1
BRDA:46,2,0,0
BRDA:46,3,0,0
BRDA:46,4,0,0
BRDA:46,5,0,0
BRDA:46,6,0,1
BRDA:46,7,0,3
BRDA:46,8,0,3
BRDA:46,9,0,3
BRDA:46,10,0,9
BRDA:46,11,0,0
BRDA:46,12,0,3
BRDA:46,13,0,9
BRDA:46,14,0,8
BRDA:46,15,0,1
BRDA:46,16,0,11
BRDA:46,17,0,2
BRDA:46,18,0,9
BRDA:46,19,0,3
BRDA:46,20,0,9
BRDA:46,21,0,0
BRDA:46,22,0,9
BRDA:46,23,0,12
BRDA:46,24,0,12
BRDA:46,25,0,0
BRDA:46,26,0,24
BRDA:46,27,0,0
BRDA:46,28,0,0
BRDA:46,29,0,0
BRDA:46,30,0,0
BRDA:46,31,0,12
BRDA:46,32,0,12
BRDA:46,33,0,0
BRDA:46,34,0,9
BRDA:46,35,0,0
BRDA:46,36,0,3
BRDA:46,37,0,0
BRDA:46,38,0,2
BRDA:46,39,0,0
BRDA:46,40,0,0
BRDA:46,41,0,0
BRDA:46,42,0,0
BRDA:46,43,0,0
BRDA:46,44,0,12
BRDA:46,45,0,11
BRDA:46,46,0,1
BRDA:46,47,0,12
BRDA:46,48,0,3
BRDA:46,49,0,1
BRDA:46,50,0,2
BRDA:46,51,0,0
BRDA:46,52,0,1
BRDA:46,53,0,0
BRDA:15,54,0,1
BRDA:16,55,0,2
BRDA:27,56,0,3
BRDA:46,57,0,3
BRDA:46,58,0,12
BRDA:28,59,0,3
BRDA:46,60,0,0
BRDA:46,61,0,3
BRDA:30,62,0,1
BRDA:32,63,0,2
BRDA:46,64,0,0
BRDA:46,65,0,2
BRDA:46,66,0,0
BRDA:46,67,0,2
BRDA:46,68,0,0
BRDA:46,69,0,2
BRDA:46,70,0,0
BRF:71
BRH:45
end_of_record
TN:
SF:src/modules/users/services/ResetPasswordService.ts
FN:50,__decorate
FN:50,__metadata
FN:50,__param
FN:50,__awaiter
FN:50,adopt
FN:50,fulfilled
FN:50,rejected
FN:50,step
FN:50,__generator
FN:50,sent
FN:50,Symbol.function.g.(anonymous function)
FN:50,verb
FN:50,step
FN:50,__importDefault
FN:15,ResetPasswordService
FN:26,ResetPasswordService.execute
FNF:16
FNH:14
FNDA:1,__decorate
FNDA:1,__metadata
FNDA:3,__param
FNDA:4,__awaiter
FNDA:9,adopt
FNDA:9,fulfilled
FNDA:0,rejected
FNDA:10,step
FNDA:4,__generator
FNDA:9,sent
FNDA:0,Symbol.function.g.(anonymous function)
FNDA:12,verb
FNDA:13,step
FNDA:1,__importDefault
FNDA:4,ResetPasswordService
FNDA:4,ResetPasswordService.execute
DA:1,1
DA:2,1
DA:3,1
DA:4,1
DA:5,1
DA:6,1
DA:7,1
DA:8,1
DA:9,1
DA:10,1
DA:11,1
DA:12,1
DA:13,1
DA:14,1
DA:15,1
DA:16,4
DA:17,4
DA:18,4
DA:19,4
DA:20,4
DA:21,4
DA:22,4
DA:23,4
DA:24,4
DA:25,1
DA:26,1
DA:27,4
DA:28,4
DA:29,4
DA:30,1
DA:31,1
DA:32,3
DA:33,4
DA:34,4
DA:35,1
DA:36,1
DA:37,2
DA:38,2
DA:39,2
DA:40,4
DA:41,1
DA:42,1
DA:43,1
DA:44,1
DA:45,4
DA:46,4
DA:47,4
DA:48,1
DA:49,1
DA:50,1
LF:50
LH:50
BRDA:50,0,0,1
BRDA:50,1,0,1
BRDA:50,2,0,0
BRDA:50,3,0,0
BRDA:50,4,0,0
BRDA:50,5,0,0
BRDA:50,6,0,1
BRDA:50,7,0,3
BRDA:50,8,0,3
BRDA:50,9,0,4
BRDA:50,10,0,9
BRDA:50,11,0,0
BRDA:50,12,0,4
BRDA:50,13,0,9
BRDA:50,14,0,6
BRDA:50,15,0,3
BRDA:50,16,0,10
BRDA:50,17,0,1
BRDA:50,18,0,9
BRDA:50,19,0,4
BRDA:50,20,0,9
BRDA:50,21,0,0
BRDA:50,22,0,12
BRDA:50,23,0,13
BRDA:50,24,0,13
BRDA:50,25,0,0
BRDA:50,26,0,26
BRDA:50,27,0,0
BRDA:50,28,0,0
BRDA:50,29,0,0
BRDA:50,30,0,0
BRDA:50,31,0,13
BRDA:50,32,0,13
BRDA:50,33,0,0
BRDA:50,34,0,9
BRDA:50,35,0,0
BRDA:50,36,0,4
BRDA:50,37,0,0
BRDA:50,38,0,1
BRDA:50,39,0,0
BRDA:50,40,0,0
BRDA:50,41,0,0
BRDA:50,42,0,0
BRDA:50,43,0,0
BRDA:50,44,0,13
BRDA:50,45,0,10
BRDA:50,46,0,3
BRDA:50,47,0,13
BRDA:50,48,0,4
BRDA:50,49,0,3
BRDA:50,50,0,1
BRDA:50,51,0,0
BRDA:50,52,0,1
BRDA:50,53,0,0
BRDA:14,54,0,1
BRDA:15,55,0,4
BRDA:26,56,0,4
BRDA:50,57,0,4
BRDA:50,58,0,13
BRDA:27,59,0,4
BRDA:50,60,0,0
BRDA:50,61,0,4
BRDA:29,62,0,1
BRDA:31,63,0,3
BRDA:50,64,0,0
BRDA:50,65,0,3
BRDA:34,66,0,1
BRDA:36,67,0,2
BRDA:40,68,0,1
BRDA:50,69,0,0
BRDA:50,70,0,1
BRDA:50,71,0,0
BRDA:50,72,0,1
BRDA:50,73,0,0
BRF:74
BRH:48
end_of_record
TN:
SF:src/modules/users/services/SendForgotPasswordEmailService.ts
FN:56,__decorate
FN:56,__metadata
FN:56,__param
FN:56,__awaiter
FN:56,adopt
FN:56,fulfilled
FN:56,rejected
FN:56,step
FN:56,__generator
FN:56,sent
FN:56,Symbol.function.g.(anonymous function)
FN:56,verb
FN:56,step
FN:56,__importDefault
FN:14,SendForgotPasswordEmailService
FN:25,SendForgotPasswordEmailService.execute
FNF:16
FNH:14
FNDA:1,__decorate
FNDA:1,__metadata
FNDA:3,__param
FNDA:3,__awaiter
FNDA:7,adopt
FNDA:7,fulfilled
FNDA:0,rejected
FNDA:9,step
FNDA:3,__generator
FNDA:7,sent
FNDA:0,Symbol.function.g.(anonymous function)
FNDA:9,verb
FNDA:10,step
FNDA:2,__importDefault
FNDA:3,SendForgotPasswordEmailService
FNDA:3,SendForgotPasswordEmailService.execute
DA:1,1
DA:2,1
DA:3,1
DA:4,1
DA:5,1
DA:6,1
DA:7,1
DA:8,1
DA:9,1
DA:10,1
DA:11,1
DA:12,1
DA:13,1
DA:14,1
DA:15,3
DA:16,3
DA:17,3
DA:18,3
DA:19,3
DA:20,3
DA:21,3
DA:22,3
DA:23,3
DA:24,1
DA:25,1
DA:26,3
DA:27,3
DA:28,1
DA:29,1
DA:30,2
DA:31,2
DA:32,3
DA:33,3
DA:34,3
DA:35,3
DA:36,3
DA:37,3
DA:38,3
DA:39,3
DA:40,3
DA:41,3
DA:42,3
DA:43,3
DA:44,3
DA:45,3
DA:46,3
DA:47,3
DA:48,3
DA:49,3
DA:50,3
DA:51,3
DA:52,3
DA:53,3
DA:54,1
DA:55,1
DA:56,1
LF:56
LH:56
BRDA:56,0,0,1
BRDA:56,1,0,1
BRDA:56,2,0,0
BRDA:56,3,0,0
BRDA:56,4,0,0
BRDA:56,5,0,0
BRDA:56,6,0,1
BRDA:56,7,0,3
BRDA:56,8,0,3
BRDA:56,9,0,3
BRDA:56,10,0,7
BRDA:56,11,0,0
BRDA:56,12,0,3
BRDA:56,13,0,7
BRDA:56,14,0,6
BRDA:56,15,0,1
BRDA:56,16,0,9
BRDA:56,17,0,2
BRDA:56,18,0,7
BRDA:56,19,0,3
BRDA:56,20,0,7
BRDA:56,21,0,0
BRDA:56,22,0,9
BRDA:56,23,0,10
BRDA:56,24,0,10
BRDA:56,25,0,0
BRDA:56,26,0,20
BRDA:56,27,0,0
BRDA:56,28,0,0
BRDA:56,29,0,0
BRDA:56,30,0,0
BRDA:56,31,0,10
BRDA:56,32,0,10
BRDA:56,33,0,0
BRDA:56,34,0,7
BRDA:56,35,0,0
BRDA:56,36,0,3
BRDA:56,37,0,0
BRDA:56,38,0,2
BRDA:56,39,0,0
BRDA:56,40,0,0
BRDA:56,41,0,0
BRDA:56,42,0,0
BRDA:56,43,0,0
BRDA:56,44,0,10
BRDA:56,45,0,9
BRDA:56,46,0,1
BRDA:56,47,0,10
BRDA:56,48,0,3
BRDA:56,49,0,1
BRDA:56,50,0,2
BRDA:56,51,0,0
BRDA:56,52,0,2
BRDA:56,53,0,1
BRDA:56,54,0,1
BRDA:13,55,0,1
BRDA:14,56,0,3
BRDA:25,57,0,3
BRDA:56,58,0,3
BRDA:56,59,0,10
BRDA:26,60,0,3
BRDA:56,61,0,0
BRDA:56,62,0,3
BRDA:27,63,0,1
BRDA:29,64,0,2
BRDA:56,65,0,0
BRDA:56,66,0,2
BRDA:56,67,0,0
BRDA:56,68,0,2
BRDA:56,69,0,0
BRF:70
BRH:46
end_of_record
TN:
SF:src/modules/users/services/ShowProfileService.ts
FN:28,__decorate
FN:28,__metadata
FN:28,__param
FN:28,__awaiter
FN:28,adopt
FN:28,fulfilled
FN:28,rejected
FN:28,step
FN:28,__generator
FN:28,sent
FN:28,Symbol.function.g.(anonymous function)
FN:28,verb
FN:28,step
FN:28,__importDefault
FN:12,ShowProfileService
FN:17,ShowProfileService.execute
FNF:16
FNH:14
FNDA:1,__decorate
FNDA:1,__metadata
FNDA:1,__param
FNDA:2,__awaiter
FNDA:2,adopt
FNDA:2,fulfilled
FNDA:0,rejected
FNDA:3,step
FNDA:2,__generator
FNDA:2,sent
FNDA:0,Symbol.function.g.(anonymous function)
FNDA:6,verb
FNDA:4,step
FNDA:1,__importDefault
FNDA:2,ShowProfileService
FNDA:2,ShowProfileService.execute
DA:1,1
DA:2,1
DA:3,1
DA:4,1
DA:5,1
DA:6,1
DA:7,1
DA:8,1
DA:9,1
DA:10,1
DA:11,1
DA:12,1
DA:13,2
DA:14,2
DA:15,2
DA:16,1
DA:17,1
DA:18,2
DA:19,2
DA:20,2
DA:21,1
DA:22,1
DA:23,1
DA:24,1
DA:25,2
DA:26,1
DA:27,1
DA:28,1
LF:28
LH:28
BRDA:28,0,0,1
BRDA:28,1,0,1
BRDA:28,2,0,0
BRDA:28,3,0,0
BRDA:28,4,0,0
BRDA:28,5,0,0
BRDA:28,6,0,1
BRDA:28,7,0,1
BRDA:28,8,0,1
BRDA:28,9,0,2
BRDA:28,10,0,2
BRDA:28,11,0,0
BRDA:28,12,0,2
BRDA:28,13,0,2
BRDA:28,14,0,1
BRDA:28,15,0,3
BRDA:28,16,0,1
BRDA:28,17,0,2
BRDA:28,18,0,2
BRDA:28,19,0,2
BRDA:28,20,0,0
BRDA:28,21,0,6
BRDA:28,22,0,4
BRDA:28,23,0,4
BRDA:28,24,0,0
BRDA:28,25,0,8
BRDA:28,26,0,0
BRDA:28,27,0,0
BRDA:28,28,0,0
BRDA:28,29,0,0
BRDA:28,30,0,4
BRDA:28,31,0,4
BRDA:28,32,0,0
BRDA:28,33,0,2
BRDA:28,34,0,0
BRDA:28,35,0,2
BRDA:28,36,0,0
BRDA:28,37,0,1
BRDA:28,38,0,0
BRDA:28,39,0,0
BRDA:28,40,0,0
BRDA:28,41,0,0
BRDA:28,42,0,0
BRDA:28,43,0,4
BRDA:28,44,0,3
BRDA:28,45,0,1
BRDA:28,46,0,4
BRDA:28,47,0,2
BRDA:28,48,0,1
BRDA:28,49,0,0
BRDA:28,50,0,1
BRDA:28,51,0,0
BRDA:11,52,0,1
BRDA:12,53,0,2
BRDA:17,54,0,2
BRDA:28,55,0,2
BRDA:28,56,0,4
BRDA:18,57,0,2
BRDA:28,58,0,0
BRDA:28,59,0,2
BRDA:20,60,0,1
BRDA:28,61,0,0
BRF:62
BRH:39
end_of_record
TN:
SF:src/modules/users/services/UpdateProfileService.ts
FN:69,__decorate
FN:69,__metadata
FN:69,__param
FN:69,__awaiter
FN:69,adopt
FN:69,fulfilled
FN:69,rejected
FN:69,step
FN:69,__generator
FN:69,sent
FN:69,Symbol.function.g.(anonymous function)
FN:69,verb
FN:69,step
FN:69,__importDefault
FN:18,UpdateProfileService
FN:26,UpdateProfileService.execute
FNF:16
FNH:14
FNDA:1,__decorate
FNDA:1,__metadata
FNDA:2,__param
FNDA:6,__awaiter
FNDA:15,adopt
FNDA:15,fulfilled
FNDA:0,rejected
FNDA:17,step
FNDA:6,__generator
FNDA:15,sent
FNDA:0,Symbol.function.g.(anonymous function)
FNDA:18,verb
FNDA:21,step
FNDA:1,__importDefault
FNDA:6,UpdateProfileService
FNDA:6,UpdateProfileService.execute
DA:1,1
DA:2,1
DA:3,1
DA:4,1
DA:5,1
DA:6,1
DA:7,1
DA:8,1
DA:9,1
DA:10,1
DA:11,1
DA:12,1
DA:13,1
DA:14,1
DA:15,1
DA:16,1
DA:17,1
DA:18,1
DA:19,6
DA:20,6
DA:21,6
DA:22,6
DA:23,6
DA:24,6
DA:25,1
DA:26,1
DA:27,6
DA:28,6
DA:29,6
DA:30,6
DA:31,6
DA:32,6
DA:33,6
DA:34,6
DA:35,6
DA:36,1
DA:37,1
DA:38,5
DA:39,5
DA:40,6
DA:41,6
DA:42,1
DA:43,1
DA:44,4
DA:45,4
DA:46,4
DA:47,4
DA:48,6
DA:49,1
DA:50,1
DA:51,1
DA:52,1
DA:53,3
DA:54,6
DA:55,2
DA:56,2
DA:57,2
DA:58,2
DA:59,6
DA:60,6
DA:61,6
DA:62,6
DA:63,6
DA:64,6
DA:65,6
DA:66,6
DA:67,1
DA:68,1
DA:69,1
LF:69
LH:69
BRDA:69,0,0,1
BRDA:69,1,0,1
BRDA:69,2,0,0
BRDA:69,3,0,0
BRDA:69,4,0,0
BRDA:69,5,0,0
BRDA:69,6,0,1
BRDA:69,7,0,2
BRDA:69,8,0,2
BRDA:69,9,0,6
BRDA:69,10,0,15
BRDA:69,11,0,0
BRDA:69,12,0,6
BRDA:69,13,0,15
BRDA:69,14,0,11
BRDA:69,15,0,4
BRDA:69,16,0,17
BRDA:69,17,0,2
BRDA:69,18,0,15
BRDA:69,19,0,6
BRDA:69,20,0,15
BRDA:69,21,0,0
BRDA:69,22,0,18
BRDA:69,23,0,21
BRDA:69,24,0,21
BRDA:69,25,0,0
BRDA:69,26,0,43
BRDA:69,27,0,0
BRDA:69,28,0,0
BRDA:69,29,0,0
BRDA:69,30,0,0
BRDA:69,31,0,21
BRDA:69,32,0,21
BRDA:69,33,0,0
BRDA:69,34,0,15
BRDA:69,35,0,0
BRDA:69,36,0,7
BRDA:69,37,0,0
BRDA:69,38,0,3
BRDA:69,39,0,6
BRDA:69,40,0,1
BRDA:69,41,0,0
BRDA:69,42,0,1
BRDA:69,43,0,0
BRDA:69,44,0,0
BRDA:69,45,0,0
BRDA:69,46,0,0
BRDA:69,47,0,22
BRDA:69,48,0,18
BRDA:69,49,0,4
BRDA:69,50,0,22
BRDA:69,51,0,6
BRDA:69,52,0,4
BRDA:69,53,0,2
BRDA:69,54,0,0
BRDA:69,55,0,1
BRDA:69,56,0,0
BRDA:17,57,0,1
BRDA:18,58,0,6
BRDA:26,59,0,6
BRDA:69,60,0,6
BRDA:69,61,0,22
BRDA:33,62,0,6
BRDA:69,63,0,0
BRDA:69,64,0,6
BRDA:35,65,0,1
BRDA:37,66,0,5
BRDA:69,67,0,0
BRDA:69,68,0,5
BRDA:41,69,0,1
BRDA:41,70,0,1
BRDA:43,71,0,4
BRDA:48,72,0,3
BRDA:48,73,0,1
BRDA:52,74,0,3
BRDA:54,75,0,2
BRDA:54,76,0,1
BRDA:54,77,0,2
BRDA:69,78,0,0
BRDA:69,79,0,2
BRDA:69,80,0,0
BRDA:69,81,0,2
BRDA:69,82,0,1
BRDA:65,83,0,2
BRDA:69,84,0,0
BRF:85
BRH:59
end_of_record
TN:
SF:src/modules/users/services/UpdateUserAvatarService.ts
FN:39,__decorate
FN:39,__metadata
FN:39,__param
FN:39,__awaiter
FN:39,adopt
FN:39,fulfilled
FN:39,rejected
FN:39,step
FN:39,__generator
FN:39,sent
FN:39,Symbol.function.g.(anonymous function)
FN:39,verb
FN:39,step
FN:39,__importDefault
FN:14,UpdateUserAvatarService
FN:22,UpdateUserAvatarService.execute
FNF:16
FNH:14
FNDA:1,__decorate
FNDA:1,__metadata
FNDA:2,__param
FNDA:4,__awaiter
FNDA:11,adopt
FNDA:11,fulfilled
FNDA:0,rejected
FNDA:14,step
FNDA:4,__generator
FNDA:11,sent
FNDA:0,Symbol.function.g.(anonymous function)
FNDA:12,verb
FNDA:15,step
FNDA:1,__importDefault
FNDA:3,UpdateUserAvatarService
FNDA:4,UpdateUserAvatarService.execute
DA:1,1
DA:2,1
DA:3,1
DA:4,1
DA:5,1
DA:6,1
DA:7,1
DA:8,1
DA:9,1
DA:10,1
DA:11,1
DA:12,1
DA:13,1
DA:14,1
DA:15,3
DA:16,3
DA:17,3
DA:18,3
DA:19,3
DA:20,3
DA:21,1
DA:22,1
DA:23,4
DA:24,4
DA:25,1
DA:26,1
DA:27,3
DA:28,3
DA:29,1
DA:30,4
DA:31,4
DA:32,4
DA:33,4
DA:34,4
DA:35,4
DA:36,4
DA:37,1
DA:38,1
DA:39,1
LF:39
LH:39
BRDA:39,0,0,1
BRDA:39,1,0,1
BRDA:39,2,0,0
BRDA:39,3,0,0
BRDA:39,4,0,0
BRDA:39,5,0,0
BRDA:39,6,0,1
BRDA:39,7,0,2
BRDA:39,8,0,2
BRDA:39,9,0,4
BRDA:39,10,0,11
BRDA:39,11,0,0
BRDA:39,12,0,4
BRDA:39,13,0,11
BRDA:39,14,0,10
BRDA:39,15,0,1
BRDA:39,16,0,14
BRDA:39,17,0,3
BRDA:39,18,0,11
BRDA:39,19,0,4
BRDA:39,20,0,11
BRDA:39,21,0,0
BRDA:39,22,0,12
BRDA:39,23,0,15
BRDA:39,24,0,15
BRDA:39,25,0,0
BRDA:39,26,0,32
BRDA:39,27,0,0
BRDA:39,28,0,0
BRDA:39,29,0,0
BRDA:39,30,0,0
BRDA:39,31,0,15
BRDA:39,32,0,15
BRDA:39,33,0,0
BRDA:39,34,0,11
BRDA:39,35,0,0
BRDA:39,36,0,6
BRDA:39,37,0,0
BRDA:39,38,0,5
BRDA:39,39,0,4
BRDA:39,40,0,2
BRDA:39,41,0,0
BRDA:39,42,0,2
BRDA:39,43,0,0
BRDA:39,44,0,0
BRDA:39,45,0,0
BRDA:39,46,0,0
BRDA:39,47,0,17
BRDA:39,48,0,16
BRDA:39,49,0,1
BRDA:39,50,0,17
BRDA:39,51,0,4
BRDA:39,52,0,1
BRDA:39,53,0,3
BRDA:39,54,0,0
BRDA:39,55,0,1
BRDA:39,56,0,0
BRDA:13,57,0,1
BRDA:14,58,0,3
BRDA:22,59,0,4
BRDA:39,60,0,4
BRDA:39,61,0,17
BRDA:23,62,0,4
BRDA:39,63,0,0
BRDA:39,64,0,4
BRDA:24,65,0,1
BRDA:26,66,0,3
BRDA:28,67,0,2
BRDA:28,68,0,1
BRDA:39,69,0,0
BRDA:39,70,0,1
BRDA:32,71,0,3
BRDA:39,72,0,0
BRDA:39,73,0,3
BRDA:39,74,0,0
BRDA:39,75,0,3
BRDA:39,76,0,0
BRF:77
BRH:51
end_of_record
